19:49:23: Creating resource group General
19:49:23: Creating resource group Internal
19:49:23: Creating resource group Autodetect
19:49:23: SceneManagerFactory for type 'DefaultSceneManager' registered.
19:49:23: Registering ResourceManager for type Material
19:49:23: Registering ResourceManager for type Mesh
19:49:23: Registering ResourceManager for type Skeleton
19:49:23: MovableObjectFactory for type 'ParticleSystem' registered.
19:49:23: OverlayElementFactory for type Panel registered.
19:49:23: OverlayElementFactory for type BorderPanel registered.
19:49:23: OverlayElementFactory for type TextArea registered.
19:49:23: Registering ResourceManager for type Font
19:49:23: ArchiveFactory for archive type FileSystem registered.
19:49:23: ArchiveFactory for archive type Zip registered.
19:49:23: DDS codec registering
19:49:23: FreeImage version: 3.14.1
19:49:23: This program uses FreeImage, a free, open source image library supporting all common bitmap formats. See http://freeimage.sourceforge.net for details
19:49:23: Supported formats: bmp,ico,jpg,jif,jpeg,jpe,jng,koa,iff,lbm,mng,pbm,pbm,pcd,pcx,pgm,pgm,png,ppm,ppm,ras,tga,targa,tif,tiff,wap,wbmp,wbm,psd,cut,xbm,xpm,gif,hdr,g3,sgi,exr,j2k,j2c,jp2,pfm,pct,pict,pic,bay,bmq,cr2,crw,cs1,dc2,dcr,dng,erf,fff,hdr,k25,kdc,mdc,mos,mrw,nef,orf,pef,pxn,raf,raw,rdc,sr2,srf,arw,3fr,cine,ia,kc2,mef,nrw,qtk,rw2,sti,drf,dsc,ptx,cap,iiq,rwz
19:49:23: Registering ResourceManager for type HighLevelGpuProgram
19:49:23: Registering ResourceManager for type Compositor
19:49:23: MovableObjectFactory for type 'Entity' registered.
19:49:23: MovableObjectFactory for type 'Light' registered.
19:49:23: MovableObjectFactory for type 'BillboardSet' registered.
19:49:23: MovableObjectFactory for type 'ManualObject' registered.
19:49:23: MovableObjectFactory for type 'BillboardChain' registered.
19:49:23: MovableObjectFactory for type 'RibbonTrail' registered.
19:49:23: Loading library /usr/lib/OGRE/RenderSystem_GL.so
19:49:23: Installing plugin: GL RenderSystem
19:49:23: OpenGL Rendering Subsystem created.
19:49:23: Plugin successfully installed
19:49:23: *-*-* OGRE Initialising
19:49:23: *-*-* Version 1.7.1 (Cthugha)
19:49:23: *-*-* OGRE Shutdown
19:49:23: Unregistering ResourceManager for type Compositor
19:49:23: Unregistering ResourceManager for type Font
19:49:23: Unregistering ResourceManager for type Skeleton
19:49:23: Unregistering ResourceManager for type Mesh
19:49:23: Unregistering ResourceManager for type HighLevelGpuProgram
19:49:23: Uninstalling plugin: GL RenderSystem
19:49:23: ******************************
*** Stopping GLX Subsystem ***
******************************
19:49:23: Plugin successfully uninstalled
19:49:23: Unloading library /usr/lib/OGRE/RenderSystem_GL.so
19:49:23: Unregistering ResourceManager for type Material
