19:57:51: Creating resource group General
19:57:51: Creating resource group Internal
19:57:51: Creating resource group Autodetect
19:57:51: Registering ResourceManager for type Mesh
19:57:51: Registering ResourceManager for type Material
19:57:51: Registering ResourceManager for type Skeleton
19:57:51: XMLMeshSerializer reading mesh data from /home/ethan/Programming/Ogre-Tuts/models/Cylinder.002.mesh.xml...
19:57:51: Reading submeshes...
19:57:51: Reading geometry...
19:57:51: Geometry done...
19:57:51: Submeshes done.
19:57:51: XMLMeshSerializer import successful.
19:57:51: Reorganising vertex buffers to automatic layout..
19:57:51: MeshSerializer writing mesh data to /home/ethan/Programming/Ogre-Tuts/models/Cylinder.002.mesh...
19:57:51: File header written.
19:57:51: Writing mesh data...
19:57:51: Writing submesh...
19:57:51: Exporting submesh texture aliases...
19:57:51: Submesh texture aliases exported.
19:57:51: Submesh exported.
19:57:51: Exporting bounds information....
19:57:51: Bounds information exported.
19:57:51: Exporting submesh name table...
19:57:51: Submesh name table exported.
19:57:51: Exporting edge lists...
19:57:51: Edge lists exported
19:57:51: Mesh data exported.
19:57:51: MeshSerializer export successful.
19:57:51: Unregistering ResourceManager for type Skeleton
19:57:51: Unregistering ResourceManager for type Material
19:57:51: Unregistering ResourceManager for type Mesh
